<?xml version="1.0" encoding="UTF-8"?>
<!-- Generated by org.testng.reporters.JUnitReportReporter -->
<testsuite hostname="DESKTOP-6MFIES6" failures="0" tests="1" name="tests.Testing" time="5.387" errors="0" timestamp="12 Jan 2021 21:12:50 GMT" skipped="0">
  <testcase classname="tests.Testing" name="opencheck" time="5.387"/>
</testsuite> <!-- tests.Testing -->
